<?xml version="1.0" encoding="UTF-8"?>
<!-- Generated by org.testng.reporters.JUnitXMLReporter -->
<testsuite ignored="0" hostname="DESKTOP-15R3KD4" failures="0" tests="4" name="Default test" time="3.085" errors="0" timestamp="2024-06-25T21:10:06 EET">
  <testcase classname="MyTestCasesDataBase" name="addData" time="0.014"/>
  <testcase classname="MyTestCasesDataBase" name="updateData" time="0.003"/>
  <testcase classname="MyTestCasesDataBase" name="getData" time="2.814"/>
  <testcase classname="MyTestCasesDataBase" name="DeleteData" time="0.008"/>
</testsuite> <!-- Default test -->
