<?xml version="1.0" encoding="UTF-8"?>
<testng-results ignored="0" total="4" passed="4" failed="0" skipped="0">
  <reporter-output>
  </reporter-output>
  <suite started-at="2024-06-25T21:10:02 EET" name="Default suite" finished-at="2024-06-25T21:10:06 EET" duration-ms="3085">
    <groups>
    </groups>
    <test started-at="2024-06-25T21:10:02 EET" name="Default test" finished-at="2024-06-25T21:10:06 EET" duration-ms="3085">
      <class name="MyTestCasesDataBase">
        <test-method is-config="true" signature="setup()[pri:0, instance:MyTestCasesDataBase@9ef8eb7]" started-at="2024-06-25T21:10:02 EET" name="setup" finished-at="2024-06-25T21:10:03 EET" duration-ms="222" status="PASS">
          <reporter-output>
          </reporter-output>
        </test-method> <!-- setup -->
        <test-method signature="addData()[pri:1, instance:MyTestCasesDataBase@9ef8eb7]" started-at="2024-06-25T21:10:03 EET" name="addData" finished-at="2024-06-25T21:10:03 EET" duration-ms="14" status="PASS">
          <reporter-output>
          </reporter-output>
        </test-method> <!-- addData -->
        <test-method signature="updateData()[pri:2, instance:MyTestCasesDataBase@9ef8eb7]" started-at="2024-06-25T21:10:03 EET" name="updateData" finished-at="2024-06-25T21:10:03 EET" duration-ms="3" status="PASS">
          <reporter-output>
          </reporter-output>
        </test-method> <!-- updateData -->
        <test-method signature="getData()[pri:3, instance:MyTestCasesDataBase@9ef8eb7]" started-at="2024-06-25T21:10:03 EET" name="getData" finished-at="2024-06-25T21:10:06 EET" duration-ms="2814" status="PASS">
          <reporter-output>
          </reporter-output>
        </test-method> <!-- getData -->
        <test-method signature="DeleteData()[pri:4, instance:MyTestCasesDataBase@9ef8eb7]" started-at="2024-06-25T21:10:06 EET" name="DeleteData" finished-at="2024-06-25T21:10:06 EET" duration-ms="8" status="PASS">
          <reporter-output>
          </reporter-output>
        </test-method> <!-- DeleteData -->
      </class> <!-- MyTestCasesDataBase -->
    </test> <!-- Default test -->
  </suite> <!-- Default suite -->
</testng-results>
